<?xml version="1.0" encoding="UTF-8"?>
<!-- Generated by org.testng.reporters.JUnitReportReporter -->
<testsuite skipped="0" hostname="LenovoT430AAM" name="com.qatest.Test1_user_blog_search_user_Samantha" tests="1" failures="0" timestamp="12 Feb 2020 17:30:42 GMT" time="6.000" errors="0">
  <testcase name="Test_1_Search_for_user_Samantha" time="6.000" classname="com.qatest.Test1_user_blog_search_user_Samantha"/>
</testsuite> <!-- com.qatest.Test1_user_blog_search_user_Samantha -->
