<?xml version="1.0" encoding="UTF-8"?>
<!-- Generated by org.testng.reporters.JUnitReportReporter -->
<testsuite skipped="0" hostname="LenovoT430AAM" name="com.qatest.Test2_user_blog_search_posts_by_user_Samantha" tests="1" failures="0" timestamp="12 Feb 2020 17:30:42 GMT" time="5.161" errors="0">
  <testcase name="Test_2_User_blog_search_posts_and_post_ids_by_user_Samantha" time="5.161" classname="com.qatest.Test2_user_blog_search_posts_by_user_Samantha"/>
</testsuite> <!-- com.qatest.Test2_user_blog_search_posts_by_user_Samantha -->
