<?xml version="1.0" encoding="UTF-8"?>
<!-- Generated by org.testng.reporters.JUnitReportReporter -->
<testsuite skipped="0" hostname="LenovoT430AAM" name="com.qatest.Test3a_user_blog_search_comments_by_user_Samantha" tests="1" failures="0" timestamp="12 Feb 2020 17:30:42 GMT" time="2.718" errors="0">
  <testcase name="Test_3_User_blog_search_comments_comment_ids_and_emails_by_user_Samantha" time="2.718" classname="com.qatest.Test3a_user_blog_search_comments_by_user_Samantha"/>
</testsuite> <!-- com.qatest.Test3a_user_blog_search_comments_by_user_Samantha -->
